17:39:56.171 [main] INFO  - Default output directory: /Users/mattia/repositories/homework1/homework1
17:39:56.172 [main] ERROR - Output directory /Users/drmark/Library/CloudStorage/OneDrive-UniversityofIllinoisChicago/Github/NetGameSim/outputs does not exist or is not a directory, using current directory instead: /Users/mattia/repositories/homework1/homework1
17:39:56.172 [main] INFO  - Loading the NetGraph from /Users/mattia/repositories/homework1/homework1NetGameSimNetGraph_17-09-23-17-16-02.ngsNetGameSimNetGraph_17-09-23-17-16-02.ngs
17:40:10.065 [main] INFO  - Default output directory: /Users/mattia/repositories/homework1/homework1
17:40:10.066 [main] ERROR - Output directory /Users/drmark/Library/CloudStorage/OneDrive-UniversityofIllinoisChicago/Github/NetGameSim/outputs does not exist or is not a directory, using current directory instead: /Users/mattia/repositories/homework1/homework1
17:40:10.066 [main] INFO  - Loading the NetGraph from /Users/mattia/repositories/homework1/homework1NetGameSimNetGraph_17-09-23-17-16-02.ngsNetGameSimNetGraph_17-09-23-17-16-02.ngs
17:41:35.811 [main] INFO  - Default output directory: /Users/mattia/repositories/homework1/homework1
17:41:35.815 [main] ERROR - Output directory /Users/drmark/Library/CloudStorage/OneDrive-UniversityofIllinoisChicago/Github/NetGameSim/outputs does not exist or is not a directory, using current directory instead: /Users/mattia/repositories/homework1/homework1
17:41:35.816 [main] INFO  - Loading the NetGraph from /Users/mattia/repositories/homework1/homework1NetGameSimNetGraph_17-09-23-17-16-02.ngsNetGameSimNetGraph_17-09-23-17-16-02.ngs
17:42:02.368 [main] INFO  - Default output directory: /Users/mattia/repositories/homework1/homework1
17:42:02.369 [main] ERROR - Output directory /Users/drmark/Library/CloudStorage/OneDrive-UniversityofIllinoisChicago/Github/NetGameSim/outputs does not exist or is not a directory, using current directory instead: /Users/mattia/repositories/homework1/homework1
17:42:02.369 [main] INFO  - Loading the NetGraph from /Users/mattia/repositories/homework1/homework1NetGameSimNetGraph_17-09-23-17-16-02.ngs
18:41:55.594 [main] INFO  - Loading the NetGraph from graphsNetGameSimNetGraph_17-09-23-17-16-02.ngs
18:42:22.866 [main] INFO  - Loading the NetGraph from graphsNetGameSimNetGraph_17-09-23-17-16-02.ngs
18:43:28.688 [main] INFO  - Loading the NetGraph from graphs/Users/mattia/repositories/homework1/homework1/NetGameSimNetGraph_17-09-23-17-16-02.ngs
18:44:31.703 [main] INFO  - Loading the NetGraph from /Users/mattia/repositories/homework1/homework1/NetGameSimNetGraph_17-09-23-17-16-02.ngs
18:44:32.002 [main] INFO  - Default output directory: /Users/mattia/repositories/homework1/homework1
18:44:32.003 [main] ERROR - Output directory /Users/drmark/Library/CloudStorage/OneDrive-UniversityofIllinoisChicago/Github/NetGameSim/outputs does not exist or is not a directory, using current directory instead: /Users/mattia/repositories/homework1/homework1
18:56:38.736 [main] INFO  - Loading the NetGraph from /Users/mattia/repositories/homework1/homework1/NetGameSimNetGraph_17-09-23-17-16-02.ngs
18:56:39.034 [main] INFO  - Default output directory: /Users/mattia/repositories/homework1/homework1
18:56:39.034 [main] ERROR - Output directory /Users/drmark/Library/CloudStorage/OneDrive-UniversityofIllinoisChicago/Github/NetGameSim/outputs does not exist or is not a directory, using current directory instead: /Users/mattia/repositories/homework1/homework1
18:57:11.221 [main] INFO  - Loading the NetGraph from /Users/mattia/repositories/homework1/homework1/NetGameSimNetGraph_17-09-23-17-16-02.ngs
18:57:11.519 [main] INFO  - Default output directory: /Users/mattia/repositories/homework1/homework1
18:57:11.519 [main] ERROR - Output directory /Users/drmark/Library/CloudStorage/OneDrive-UniversityofIllinoisChicago/Github/NetGameSim/outputs does not exist or is not a directory, using current directory instead: /Users/mattia/repositories/homework1/homework1
19:15:41.736 [main] INFO  - Loading the NetGraph from /Users/mattia/repositories/homework1/homework1/NetGameSimNetGraph_17-09-23-17-16-02.ngs
19:15:42.029 [main] INFO  - Default output directory: /Users/mattia/repositories/homework1/homework1
19:15:42.029 [main] ERROR - Output directory /Users/drmark/Library/CloudStorage/OneDrive-UniversityofIllinoisChicago/Github/NetGameSim/outputs does not exist or is not a directory, using current directory instead: /Users/mattia/repositories/homework1/homework1
19:15:59.969 [main] INFO  - Loading the NetGraph from /Users/mattia/repositories/homework1/homework1/NetGameSimNetGraph_17-09-23-17-16-02.ngs
19:16:00.268 [main] INFO  - Default output directory: /Users/mattia/repositories/homework1/homework1
19:16:00.269 [main] ERROR - Output directory /Users/drmark/Library/CloudStorage/OneDrive-UniversityofIllinoisChicago/Github/NetGameSim/outputs does not exist or is not a directory, using current directory instead: /Users/mattia/repositories/homework1/homework1
19:18:57.796 [main] INFO  - Loading the NetGraph from /Users/mattia/repositories/homework1/homework1/NetGameSimNetGraph_17-09-23-17-16-02.ngs
19:18:58.095 [main] INFO  - Default output directory: /Users/mattia/repositories/homework1/homework1
19:18:58.095 [main] ERROR - Output directory /Users/drmark/Library/CloudStorage/OneDrive-UniversityofIllinoisChicago/Github/NetGameSim/outputs does not exist or is not a directory, using current directory instead: /Users/mattia/repositories/homework1/homework1
19:21:16.277 [main] INFO  - Loading the NetGraph from /Users/mattia/repositories/homework1/homework1/NetGameSimNetGraph_17-09-23-17-16-02.ngs
19:21:16.569 [main] INFO  - Default output directory: /Users/mattia/repositories/homework1/homework1
19:21:16.569 [main] ERROR - Output directory /Users/drmark/Library/CloudStorage/OneDrive-UniversityofIllinoisChicago/Github/NetGameSim/outputs does not exist or is not a directory, using current directory instead: /Users/mattia/repositories/homework1/homework1
19:30:19.815 [main] INFO  - Loading the NetGraph from /Users/mattia/repositories/homework1/homework1/NetGameSimNetGraph_17-09-23-17-16-02.ngs
19:30:20.119 [main] INFO  - Default output directory: /Users/mattia/repositories/homework1/homework1
19:30:20.120 [main] ERROR - Output directory /Users/drmark/Library/CloudStorage/OneDrive-UniversityofIllinoisChicago/Github/NetGameSim/outputs does not exist or is not a directory, using current directory instead: /Users/mattia/repositories/homework1/homework1
19:40:01.588 [main] INFO  - Loading the NetGraph from /Users/mattia/repositories/homework1/homework1/NetGameSimNetGraph_19-09-23-19-38-07.ngs
19:40:01.690 [main] INFO  - Default output directory: /Users/mattia/repositories/homework1/homework1
19:40:01.690 [main] ERROR - Output directory /Users/drmark/Library/CloudStorage/OneDrive-UniversityofIllinoisChicago/Github/NetGameSim/outputs does not exist or is not a directory, using current directory instead: /Users/mattia/repositories/homework1/homework1
19:41:17.127 [main] INFO  - Loading the NetGraph from /Users/mattia/repositories/homework1/homework1/NetGameSimNetGraph_19-09-23-19-38-07.ngs
19:41:17.229 [main] INFO  - Default output directory: /Users/mattia/repositories/homework1/homework1
19:41:17.229 [main] ERROR - Output directory /Users/drmark/Library/CloudStorage/OneDrive-UniversityofIllinoisChicago/Github/NetGameSim/outputs does not exist or is not a directory, using current directory instead: /Users/mattia/repositories/homework1/homework1
19:42:21.044 [main] INFO  - Loading the NetGraph from /Users/mattia/repositories/homework1/homework1/NetGameSimNetGraph_19-09-23-19-38-07.ngs
19:42:21.148 [main] INFO  - Default output directory: /Users/mattia/repositories/homework1/homework1
19:42:21.148 [main] ERROR - Output directory /Users/drmark/Library/CloudStorage/OneDrive-UniversityofIllinoisChicago/Github/NetGameSim/outputs does not exist or is not a directory, using current directory instead: /Users/mattia/repositories/homework1/homework1
19:43:17.758 [main] INFO  - Loading the NetGraph from /Users/mattia/repositories/homework1/homework1/NetGameSimNetGraph_19-09-23-19-38-07.ngs
19:43:17.866 [main] INFO  - Default output directory: /Users/mattia/repositories/homework1/homework1
19:43:17.866 [main] ERROR - Output directory /Users/drmark/Library/CloudStorage/OneDrive-UniversityofIllinoisChicago/Github/NetGameSim/outputs does not exist or is not a directory, using current directory instead: /Users/mattia/repositories/homework1/homework1
20:05:24.718 [main] INFO  - Loading the NetGraph from /Users/mattia/repositories/homework1/homework1/NetGameSimNetGraph_19-09-23-19-38-07.ngs
20:05:24.818 [main] INFO  - Default output directory: /Users/mattia/repositories/homework1/homework1
20:05:24.818 [main] ERROR - Output directory /Users/drmark/Library/CloudStorage/OneDrive-UniversityofIllinoisChicago/Github/NetGameSim/outputs does not exist or is not a directory, using current directory instead: /Users/mattia/repositories/homework1/homework1
20:06:54.320 [main] INFO  - Loading the NetGraph from /Users/mattia/repositories/homework1/homework1/NetGameSimNetGraph_19-09-23-19-38-07.ngs
20:06:54.421 [main] INFO  - Default output directory: /Users/mattia/repositories/homework1/homework1
20:06:54.421 [main] ERROR - Output directory /Users/drmark/Library/CloudStorage/OneDrive-UniversityofIllinoisChicago/Github/NetGameSim/outputs does not exist or is not a directory, using current directory instead: /Users/mattia/repositories/homework1/homework1
